Performing C SOURCE FILE Test CMAKE_HAVE_LIBC_PTHREAD failed with the following output:
Change Dir: /media/bili/Document/Bioinformatics/Bayes_Project/cmake-build-debug/CMakeFiles/CMakeTmp

Run Build Command(s):/usr/bin/make cmTC_82a81/fast && /usr/bin/make  -f CMakeFiles/cmTC_82a81.dir/build.make CMakeFiles/cmTC_82a81.dir/build
make[1]: 进入目录“/media/bili/Document/Bioinformatics/Bayes_Project/cmake-build-debug/CMakeFiles/CMakeTmp”
Building C object CMakeFiles/cmTC_82a81.dir/src.c.o
/usr/bin/gcc-7   -fPIC -DCMAKE_HAVE_LIBC_PTHREAD   -o CMakeFiles/cmTC_82a81.dir/src.c.o   -c /media/bili/Document/Bioinformatics/Bayes_Project/cmake-build-debug/CMakeFiles/CMakeTmp/src.c
Linking C executable cmTC_82a81
/home/bili/.local/share/JetBrains/Toolbox/apps/CLion/ch-0/202.8194.17/bin/cmake/linux/bin/cmake -E cmake_link_script CMakeFiles/cmTC_82a81.dir/link.txt --verbose=1
/usr/bin/gcc-7 -fPIC -DCMAKE_HAVE_LIBC_PTHREAD    -rdynamic CMakeFiles/cmTC_82a81.dir/src.c.o  -o cmTC_82a81 
/usr/bin/ld: CMakeFiles/cmTC_82a81.dir/src.c.o: in function `main':
src.c:(.text+0x3e): undefined reference to `pthread_create'
/usr/bin/ld: src.c:(.text+0x4a): undefined reference to `pthread_detach'
/usr/bin/ld: src.c:(.text+0x56): undefined reference to `pthread_cancel'
/usr/bin/ld: src.c:(.text+0x67): undefined reference to `pthread_join'
collect2: error: ld returned 1 exit status
make[1]: *** [CMakeFiles/cmTC_82a81.dir/build.make:107：cmTC_82a81] 错误 1
make[1]: 离开目录“/media/bili/Document/Bioinformatics/Bayes_Project/cmake-build-debug/CMakeFiles/CMakeTmp”
make: *** [Makefile:141：cmTC_82a81/fast] 错误 2


Source file was:
#include <pthread.h>

void* test_func(void* data)
{
  return data;
}

int main(void)
{
  pthread_t thread;
  pthread_create(&thread, NULL, test_func, NULL);
  pthread_detach(thread);
  pthread_cancel(thread);
  pthread_join(thread, NULL);
  pthread_atfork(NULL, NULL, NULL);
  pthread_exit(NULL);

  return 0;
}

Determining if the function pthread_create exists in the pthreads failed with the following output:
Change Dir: /media/bili/Document/Bioinformatics/Bayes_Project/cmake-build-debug/CMakeFiles/CMakeTmp

Run Build Command(s):/usr/bin/make cmTC_e650b/fast && /usr/bin/make  -f CMakeFiles/cmTC_e650b.dir/build.make CMakeFiles/cmTC_e650b.dir/build
make[1]: 进入目录“/media/bili/Document/Bioinformatics/Bayes_Project/cmake-build-debug/CMakeFiles/CMakeTmp”
Building C object CMakeFiles/cmTC_e650b.dir/CheckFunctionExists.c.o
/usr/bin/gcc-7   -fPIC -DCHECK_FUNCTION_EXISTS=pthread_create   -o CMakeFiles/cmTC_e650b.dir/CheckFunctionExists.c.o   -c /home/bili/.local/share/JetBrains/Toolbox/apps/CLion/ch-0/202.8194.17/bin/cmake/linux/share/cmake-3.17/Modules/CheckFunctionExists.c
Linking C executable cmTC_e650b
/home/bili/.local/share/JetBrains/Toolbox/apps/CLion/ch-0/202.8194.17/bin/cmake/linux/bin/cmake -E cmake_link_script CMakeFiles/cmTC_e650b.dir/link.txt --verbose=1
/usr/bin/gcc-7 -fPIC -DCHECK_FUNCTION_EXISTS=pthread_create    -rdynamic CMakeFiles/cmTC_e650b.dir/CheckFunctionExists.c.o  -o cmTC_e650b  -lpthreads 
/usr/bin/ld: 找不到 -lpthreads
collect2: error: ld returned 1 exit status
make[1]: *** [CMakeFiles/cmTC_e650b.dir/build.make:107：cmTC_e650b] 错误 1
make[1]: 离开目录“/media/bili/Document/Bioinformatics/Bayes_Project/cmake-build-debug/CMakeFiles/CMakeTmp”
make: *** [Makefile:141：cmTC_e650b/fast] 错误 2



